<?xml version="1.0" encoding="UTF-8"?>
<testng-results skipped="0" failed="0" ignored="0" total="2" passed="2">
  <reporter-output>
  </reporter-output>
  <suite name="Default suite" duration-ms="52426" started-at="2020-02-13T01:33:28Z" finished-at="2020-02-13T01:34:21Z">
    <groups>
    </groups>
    <test name="Default test" duration-ms="52426" started-at="2020-02-13T01:33:28Z" finished-at="2020-02-13T01:34:21Z">
      <class name="com.Zoopla.qa.tests.AgentPageTest">
        <test-method status="PASS" signature="setUp()[pri:0, instance:com.Zoopla.qa.tests.AgentPageTest@42e26948]" name="setUp" is-config="true" duration-ms="30697" started-at="2020-02-13T01:33:28Z" finished-at="2020-02-13T01:33:59Z">
          <reporter-output>
          </reporter-output>
        </test-method> <!-- setUp -->
        <test-method status="PASS" signature="agentNameVerifyTest()[pri:0, instance:com.Zoopla.qa.tests.AgentPageTest@42e26948]" name="agentNameVerifyTest" duration-ms="58" started-at="2020-02-13T01:33:59Z" finished-at="2020-02-13T01:33:59Z">
          <reporter-output>
          </reporter-output>
        </test-method> <!-- agentNameVerifyTest -->
        <test-method status="PASS" signature="tearDown()[pri:0, instance:com.Zoopla.qa.tests.AgentPageTest@42e26948]" name="tearDown" is-config="true" duration-ms="1044" started-at="2020-02-13T01:33:59Z" finished-at="2020-02-13T01:34:00Z">
          <reporter-output>
          </reporter-output>
        </test-method> <!-- tearDown -->
        <test-method status="PASS" signature="setUp()[pri:0, instance:com.Zoopla.qa.tests.AgentPageTest@42e26948]" name="setUp" is-config="true" duration-ms="19837" started-at="2020-02-13T01:34:00Z" finished-at="2020-02-13T01:34:20Z">
          <reporter-output>
          </reporter-output>
        </test-method> <!-- setUp -->
        <test-method status="PASS" signature="agentPhoneTest()[pri:1, instance:com.Zoopla.qa.tests.AgentPageTest@42e26948]" name="agentPhoneTest" duration-ms="39" started-at="2020-02-13T01:34:20Z" finished-at="2020-02-13T01:34:20Z">
          <reporter-output>
          </reporter-output>
        </test-method> <!-- agentPhoneTest -->
        <test-method status="PASS" signature="tearDown()[pri:0, instance:com.Zoopla.qa.tests.AgentPageTest@42e26948]" name="tearDown" is-config="true" duration-ms="707" started-at="2020-02-13T01:34:20Z" finished-at="2020-02-13T01:34:21Z">
          <reporter-output>
          </reporter-output>
        </test-method> <!-- tearDown -->
      </class> <!-- com.Zoopla.qa.tests.AgentPageTest -->
    </test> <!-- Default test -->
  </suite> <!-- Default suite -->
</testng-results>
